<?xml version="1.0" encoding="UTF-8"?>
<testsuite name="frc.lib5k.control.ToggleTest" tests="2" skipped="0" failures="0" errors="0" timestamp="2019-09-17T17:10:34" hostname="laptop" time="0.002">
  <properties/>
  <testcase name="testToggle" classname="frc.lib5k.control.ToggleTest" time="0.001"/>
  <testcase name="testToggleReset" classname="frc.lib5k.control.ToggleTest" time="0.001"/>
  <system-out><![CDATA[]]></system-out>
  <system-err><![CDATA[]]></system-err>
</testsuite>
