<?xml version="1.0" encoding="UTF-8"?>
<testsuite name="frc.lib5k.control.SlewLimiterTest" tests="3" skipped="0" failures="0" errors="0" timestamp="2019-09-17T17:10:34" hostname="laptop" time="0.01">
  <properties/>
  <testcase name="testNegativeSlewRate" classname="frc.lib5k.control.SlewLimiterTest" time="0.007"/>
  <testcase name="testPositiveSlewRate" classname="frc.lib5k.control.SlewLimiterTest" time="0.001"/>
  <testcase name="testSlewReset" classname="frc.lib5k.control.SlewLimiterTest" time="0.0"/>
  <system-out><![CDATA[]]></system-out>
  <system-err><![CDATA[]]></system-err>
</testsuite>
