<?xml version="1.0" encoding="UTF-8"?>
<testsuite name="frc.lib5k.control.SlewLimiterTest" tests="3" skipped="0" failures="0" errors="0" timestamp="2019-10-01T20:43:51" hostname="DESKTOP-8IVHRRS" time="0.001">
  <properties/>
  <testcase name="testNegativeSlewRate" classname="frc.lib5k.control.SlewLimiterTest" time="0.001"/>
  <testcase name="testPositiveSlewRate" classname="frc.lib5k.control.SlewLimiterTest" time="0.0"/>
  <testcase name="testSlewReset" classname="frc.lib5k.control.SlewLimiterTest" time="0.0"/>
  <system-out><![CDATA[]]></system-out>
  <system-err><![CDATA[]]></system-err>
</testsuite>
